TopAppList/app/build/outputs/logs/manifest-merger-debug-report.txt
-- Merging decision tree log ---
manifest
ADDED from src/main/AndroidManifest.xml:2:1-37:12
	package
		ADDED from src/main/AndroidManifest.xml:3:5-44
		INJECTED from src/main/AndroidManifest.xml
		INJECTED from src/main/AndroidManifest.xml
	android:versionName
		INJECTED from src/main/AndroidManifest.xml
		INJECTED from src/main/AndroidManifest.xml
	xmlns:android
		ADDED from src/main/AndroidManifest.xml:2:11-69
	android:versionCode
		INJECTED from src/main/AndroidManifest.xml
		INJECTED from src/main/AndroidManifest.xml
uses-permission#android.permission.ACCESS_NETWORK_STATE
ADDED from src/main/AndroidManifest.xml:5:5-79
MERGED from [com.google.firebase:firebase-analytics:9.0.2] AndroidManifest.xml:22:5-79
MERGED from [com.google.firebase:firebase-analytics-impl:9.0.2] AndroidManifest.xml:22:5-79
MERGED from [com.google.firebase:firebase-iid:9.0.2] AndroidManifest.xml:20:5-79
	android:name
		ADDED from src/main/AndroidManifest.xml:5:22-76
uses-permission#android.permission.INTERNET
ADDED from src/main/AndroidManifest.xml:6:5-67
MERGED from [com.google.firebase:firebase-analytics:9.0.2] AndroidManifest.xml:21:5-67
MERGED from [com.google.firebase:firebase-analytics-impl:9.0.2] AndroidManifest.xml:21:5-67
MERGED from [com.google.firebase:firebase-iid:9.0.2] AndroidManifest.xml:21:5-67
	android:name
		ADDED from src/main/AndroidManifest.xml:6:22-64
uses-permission#android.permission.GET_ACCOUNTS
ADDED from src/main/AndroidManifest.xml:9:5-71
	android:name
		ADDED from src/main/AndroidManifest.xml:9:22-68
uses-permission#android.permission.READ_PROFILE
ADDED from src/main/AndroidManifest.xml:10:5-71
	android:name
		ADDED from src/main/AndroidManifest.xml:10:22-68
uses-permission#android.permission.READ_CONTACTS
ADDED from src/main/AndroidManifest.xml:11:5-72
	android:name
		ADDED from src/main/AndroidManifest.xml:11:22-69
application
ADDED from src/main/AndroidManifest.xml:13:5-35:19
MERGED from [com.android.support:appcompat-v7:24.0.0] AndroidManifest.xml:25:5-20
MERGED from [com.android.support:support-v4:24.0.0] AndroidManifest.xml:25:5-20
MERGED from [com.android.support:support-vector-drawable:24.0.0] AndroidManifest.xml:23:5-20
MERGED from [com.android.support:support-v4:24.0.0] AndroidManifest.xml:25:5-20
MERGED from [com.android.support:animated-vector-drawable:24.0.0] AndroidManifest.xml:22:5-20
MERGED from [com.android.support:support-vector-drawable:24.0.0] AndroidManifest.xml:23:5-20
MERGED from [com.android.support:support-v4:24.0.0] AndroidManifest.xml:25:5-20
MERGED from [com.google.firebase:firebase-core:9.0.2] AndroidManifest.xml:5:5-20
MERGED from [com.google.firebase:firebase-analytics:9.0.2] AndroidManifest.xml:26:5-41:19
MERGED from [com.google.android.gms:play-services-basement:9.0.2] AndroidManifest.xml:20:5-24:19
MERGED from [com.android.support:support-v4:24.0.0] AndroidManifest.xml:25:5-20
MERGED from [com.google.firebase:firebase-common:9.0.2] AndroidManifest.xml:5:5-12:19
MERGED from [com.google.android.gms:play-services-basement:9.0.2] AndroidManifest.xml:20:5-24:19
MERGED from [com.android.support:support-v4:24.0.0] AndroidManifest.xml:25:5-20
MERGED from [com.google.android.gms:play-services-tasks:9.0.2] AndroidManifest.xml:5:5-20
MERGED from [com.google.android.gms:play-services-basement:9.0.2] AndroidManifest.xml:20:5-24:19
MERGED from [com.android.support:support-v4:24.0.0] AndroidManifest.xml:25:5-20
MERGED from [com.google.firebase:firebase-analytics-impl:9.0.2] AndroidManifest.xml:26:5-41:19
MERGED from [com.google.android.gms:play-services-base:9.0.2] AndroidManifest.xml:19:5-23:19
MERGED from [com.google.android.gms:play-services-basement:9.0.2] AndroidManifest.xml:20:5-24:19
MERGED from [com.android.support:support-v4:24.0.0] AndroidManifest.xml:25:5-20
MERGED from [com.google.firebase:firebase-common:9.0.2] AndroidManifest.xml:5:5-12:19
MERGED from [com.google.android.gms:play-services-basement:9.0.2] AndroidManifest.xml:20:5-24:19
MERGED from [com.android.support:support-v4:24.0.0] AndroidManifest.xml:25:5-20
MERGED from [com.google.android.gms:play-services-tasks:9.0.2] AndroidManifest.xml:5:5-20
MERGED from [com.google.android.gms:play-services-basement:9.0.2] AndroidManifest.xml:20:5-24:19
MERGED from [com.android.support:support-v4:24.0.0] AndroidManifest.xml:25:5-20
MERGED from [com.google.android.gms:play-services-tasks:9.0.2] AndroidManifest.xml:5:5-20
MERGED from [com.google.android.gms:play-services-basement:9.0.2] AndroidManifest.xml:20:5-24:19
MERGED from [com.android.support:support-v4:24.0.0] AndroidManifest.xml:25:5-20
MERGED from [com.google.android.gms:play-services-basement:9.0.2] AndroidManifest.xml:20:5-24:19
MERGED from [com.android.support:support-v4:24.0.0] AndroidManifest.xml:25:5-20
MERGED from [com.google.firebase:firebase-iid:9.0.2] AndroidManifest.xml:30:5-59:19
MERGED from [com.google.android.gms:play-services-basement:9.0.2] AndroidManifest.xml:20:5-24:19
MERGED from [com.android.support:support-v4:24.0.0] AndroidManifest.xml:25:5-20
MERGED from [com.google.firebase:firebase-common:9.0.2] AndroidManifest.xml:5:5-12:19
MERGED from [com.google.android.gms:play-services-basement:9.0.2] AndroidManifest.xml:20:5-24:19
MERGED from [com.android.support:support-v4:24.0.0] AndroidManifest.xml:25:5-20
MERGED from [com.google.android.gms:play-services-tasks:9.0.2] AndroidManifest.xml:5:5-20
MERGED from [com.google.android.gms:play-services-basement:9.0.2] AndroidManifest.xml:20:5-24:19
MERGED from [com.android.support:support-v4:24.0.0] AndroidManifest.xml:25:5-20
MERGED from [com.google.firebase:firebase-common:9.0.2] AndroidManifest.xml:5:5-12:19
MERGED from [com.google.android.gms:play-services-basement:9.0.2] AndroidManifest.xml:20:5-24:19
MERGED from [com.android.support:support-v4:24.0.0] AndroidManifest.xml:25:5-20
MERGED from [com.google.android.gms:play-services-tasks:9.0.2] AndroidManifest.xml:5:5-20
MERGED from [com.google.android.gms:play-services-basement:9.0.2] AndroidManifest.xml:20:5-24:19
MERGED from [com.android.support:support-v4:24.0.0] AndroidManifest.xml:25:5-20
MERGED from [com.google.android.gms:play-services-base:9.0.2] AndroidManifest.xml:19:5-23:19
MERGED from [com.google.android.gms:play-services-basement:9.0.2] AndroidManifest.xml:20:5-24:19
MERGED from [com.android.support:support-v4:24.0.0] AndroidManifest.xml:25:5-20
MERGED from [com.google.firebase:firebase-common:9.0.2] AndroidManifest.xml:5:5-12:19
MERGED from [com.google.android.gms:play-services-basement:9.0.2] AndroidManifest.xml:20:5-24:19
MERGED from [com.android.support:support-v4:24.0.0] AndroidManifest.xml:25:5-20
MERGED from [com.google.android.gms:play-services-tasks:9.0.2] AndroidManifest.xml:5:5-20
MERGED from [com.google.android.gms:play-services-basement:9.0.2] AndroidManifest.xml:20:5-24:19
MERGED from [com.android.support:support-v4:24.0.0] AndroidManifest.xml:25:5-20
MERGED from [com.google.android.gms:play-services-tasks:9.0.2] AndroidManifest.xml:5:5-20
MERGED from [com.google.android.gms:play-services-basement:9.0.2] AndroidManifest.xml:20:5-24:19
MERGED from [com.android.support:support-v4:24.0.0] AndroidManifest.xml:25:5-20
MERGED from [com.google.android.gms:play-services-basement:9.0.2] AndroidManifest.xml:20:5-24:19
MERGED from [com.android.support:support-v4:24.0.0] AndroidManifest.xml:25:5-20
MERGED from [com.google.android.gms:play-services-base:9.0.2] AndroidManifest.xml:19:5-23:19
MERGED from [com.google.android.gms:play-services-basement:9.0.2] AndroidManifest.xml:20:5-24:19
MERGED from [com.android.support:support-v4:24.0.0] AndroidManifest.xml:25:5-20
MERGED from [com.google.firebase:firebase-common:9.0.2] AndroidManifest.xml:5:5-12:19
MERGED from [com.google.android.gms:play-services-basement:9.0.2] AndroidManifest.xml:20:5-24:19
MERGED from [com.android.support:support-v4:24.0.0] AndroidManifest.xml:25:5-20
MERGED from [com.google.android.gms:play-services-tasks:9.0.2] AndroidManifest.xml:5:5-20
MERGED from [com.google.android.gms:play-services-basement:9.0.2] AndroidManifest.xml:20:5-24:19
MERGED from [com.android.support:support-v4:24.0.0] AndroidManifest.xml:25:5-20
MERGED from [com.google.android.gms:play-services-tasks:9.0.2] AndroidManifest.xml:5:5-20
MERGED from [com.google.android.gms:play-services-basement:9.0.2] AndroidManifest.xml:20:5-24:19
MERGED from [com.android.support:support-v4:24.0.0] AndroidManifest.xml:25:5-20
MERGED from [com.google.android.gms:play-services-basement:9.0.2] AndroidManifest.xml:20:5-24:19
MERGED from [com.android.support:support-v4:24.0.0] AndroidManifest.xml:25:5-20
MERGED from [com.google.firebase:firebase-common:9.0.2] AndroidManifest.xml:5:5-12:19
MERGED from [com.google.android.gms:play-services-basement:9.0.2] AndroidManifest.xml:20:5-24:19
MERGED from [com.android.support:support-v4:24.0.0] AndroidManifest.xml:25:5-20
MERGED from [com.google.android.gms:play-services-tasks:9.0.2] AndroidManifest.xml:5:5-20
MERGED from [com.google.android.gms:play-services-basement:9.0.2] AndroidManifest.xml:20:5-24:19
MERGED from [com.android.support:support-v4:24.0.0] AndroidManifest.xml:25:5-20
MERGED from [com.google.firebase:firebase-common:9.0.2] AndroidManifest.xml:5:5-12:19
MERGED from [com.google.android.gms:play-services-basement:9.0.2] AndroidManifest.xml:20:5-24:19
MERGED from [com.android.support:support-v4:24.0.0] AndroidManifest.xml:25:5-20
MERGED from [com.google.android.gms:play-services-tasks:9.0.2] AndroidManifest.xml:5:5-20
MERGED from [com.google.android.gms:play-services-basement:9.0.2] AndroidManifest.xml:20:5-24:19
MERGED from [com.android.support:support-v4:24.0.0] AndroidManifest.xml:25:5-20
MERGED from [com.google.android.gms:play-services-tasks:9.0.2] AndroidManifest.xml:5:5-20
MERGED from [com.google.android.gms:play-services-basement:9.0.2] AndroidManifest.xml:20:5-24:19
MERGED from [com.android.support:support-v4:24.0.0] AndroidManifest.xml:25:5-20
MERGED from [com.android.support:support-v4:24.0.0] AndroidManifest.xml:25:5-20
MERGED from [com.android.support:support-v4:24.0.0] AndroidManifest.xml:25:5-20
MERGED from [com.google.firebase:firebase-auth:9.0.2] AndroidManifest.xml:20:5-21:19
MERGED from [com.google.android.gms:play-services-base:9.0.2] AndroidManifest.xml:19:5-23:19
MERGED from [com.google.android.gms:play-services-basement:9.0.2] AndroidManifest.xml:20:5-24:19
MERGED from [com.android.support:support-v4:24.0.0] AndroidManifest.xml:25:5-20
MERGED from [com.google.firebase:firebase-common:9.0.2] AndroidManifest.xml:5:5-12:19
MERGED from [com.google.android.gms:play-services-basement:9.0.2] AndroidManifest.xml:20:5-24:19
MERGED from [com.android.support:support-v4:24.0.0] AndroidManifest.xml:25:5-20
MERGED from [com.google.android.gms:play-services-tasks:9.0.2] AndroidManifest.xml:5:5-20
MERGED from [com.google.android.gms:play-services-basement:9.0.2] AndroidManifest.xml:20:5-24:19
MERGED from [com.android.support:support-v4:24.0.0] AndroidManifest.xml:25:5-20
MERGED from [com.google.android.gms:play-services-tasks:9.0.2] AndroidManifest.xml:5:5-20
MERGED from [com.google.android.gms:play-services-basement:9.0.2] AndroidManifest.xml:20:5-24:19
MERGED from [com.android.support:support-v4:24.0.0] AndroidManifest.xml:25:5-20
MERGED from [com.google.android.gms:play-services-basement:9.0.2] AndroidManifest.xml:20:5-24:19
MERGED from [com.android.support:support-v4:24.0.0] AndroidManifest.xml:25:5-20
MERGED from [com.google.firebase:firebase-auth-common:9.0.2] AndroidManifest.xml:20:5-21:19
MERGED from [com.google.android.gms:play-services-base:9.0.2] AndroidManifest.xml:19:5-23:19
MERGED from [com.google.android.gms:play-services-basement:9.0.2] AndroidManifest.xml:20:5-24:19
MERGED from [com.android.support:support-v4:24.0.0] AndroidManifest.xml:25:5-20
MERGED from [com.google.firebase:firebase-common:9.0.2] AndroidManifest.xml:5:5-12:19
MERGED from [com.google.android.gms:play-services-basement:9.0.2] AndroidManifest.xml:20:5-24:19
MERGED from [com.android.support:support-v4:24.0.0] AndroidManifest.xml:25:5-20
MERGED from [com.google.android.gms:play-services-tasks:9.0.2] AndroidManifest.xml:5:5-20
MERGED from [com.google.android.gms:play-services-basement:9.0.2] AndroidManifest.xml:20:5-24:19
MERGED from [com.android.support:support-v4:24.0.0] AndroidManifest.xml:25:5-20
MERGED from [com.google.android.gms:play-services-tasks:9.0.2] AndroidManifest.xml:5:5-20
MERGED from [com.google.android.gms:play-services-basement:9.0.2] AndroidManifest.xml:20:5-24:19
MERGED from [com.android.support:support-v4:24.0.0] AndroidManifest.xml:25:5-20
MERGED from [com.google.android.gms:play-services-basement:9.0.2] AndroidManifest.xml:20:5-24:19
MERGED from [com.android.support:support-v4:24.0.0] AndroidManifest.xml:25:5-20
MERGED from [com.google.android.gms:play-services-base:9.0.2] AndroidManifest.xml:19:5-23:19
MERGED from [com.google.android.gms:play-services-basement:9.0.2] AndroidManifest.xml:20:5-24:19
MERGED from [com.android.support:support-v4:24.0.0] AndroidManifest.xml:25:5-20
MERGED from [com.google.firebase:firebase-common:9.0.2] AndroidManifest.xml:5:5-12:19
MERGED from [com.google.android.gms:play-services-basement:9.0.2] AndroidManifest.xml:20:5-24:19
MERGED from [com.android.support:support-v4:24.0.0] AndroidManifest.xml:25:5-20
MERGED from [com.google.android.gms:play-services-tasks:9.0.2] AndroidManifest.xml:5:5-20
MERGED from [com.google.android.gms:play-services-basement:9.0.2] AndroidManifest.xml:20:5-24:19
MERGED from [com.android.support:support-v4:24.0.0] AndroidManifest.xml:25:5-20
MERGED from [com.google.android.gms:play-services-tasks:9.0.2] AndroidManifest.xml:5:5-20
MERGED from [com.google.android.gms:play-services-basement:9.0.2] AndroidManifest.xml:20:5-24:19
MERGED from [com.android.support:support-v4:24.0.0] AndroidManifest.xml:25:5-20
MERGED from [com.google.android.gms:play-services-basement:9.0.2] AndroidManifest.xml:20:5-24:19
MERGED from [com.android.support:support-v4:24.0.0] AndroidManifest.xml:25:5-20
MERGED from [com.google.firebase:firebase-common:9.0.2] AndroidManifest.xml:5:5-12:19
MERGED from [com.google.android.gms:play-services-basement:9.0.2] AndroidManifest.xml:20:5-24:19
MERGED from [com.android.support:support-v4:24.0.0] AndroidManifest.xml:25:5-20
MERGED from [com.google.android.gms:play-services-tasks:9.0.2] AndroidManifest.xml:5:5-20
MERGED from [com.google.android.gms:play-services-basement:9.0.2] AndroidManifest.xml:20:5-24:19
MERGED from [com.android.support:support-v4:24.0.0] AndroidManifest.xml:25:5-20
MERGED from [com.google.android.gms:play-services-base:9.0.2] AndroidManifest.xml:19:5-23:19
MERGED from [com.google.android.gms:play-services-basement:9.0.2] AndroidManifest.xml:20:5-24:19
MERGED from [com.android.support:support-v4:24.0.0] AndroidManifest.xml:25:5-20
MERGED from [com.google.firebase:firebase-common:9.0.2] AndroidManifest.xml:5:5-12:19
MERGED from [com.google.android.gms:play-services-basement:9.0.2] AndroidManifest.xml:20:5-24:19
MERGED from [com.android.support:support-v4:24.0.0] AndroidManifest.xml:25:5-20
MERGED from [com.google.android.gms:play-services-tasks:9.0.2] AndroidManifest.xml:5:5-20
MERGED from [com.google.android.gms:play-services-basement:9.0.2] AndroidManifest.xml:20:5-24:19
MERGED from [com.android.support:support-v4:24.0.0] AndroidManifest.xml:25:5-20
MERGED from [com.google.android.gms:play-services-tasks:9.0.2] AndroidManifest.xml:5:5-20
MERGED from [com.google.android.gms:play-services-basement:9.0.2] AndroidManifest.xml:20:5-24:19
MERGED from [com.android.support:support-v4:24.0.0] AndroidManifest.xml:25:5-20
MERGED from [com.google.android.gms:play-services-basement:9.0.2] AndroidManifest.xml:20:5-24:19
MERGED from [com.android.support:support-v4:24.0.0] AndroidManifest.xml:25:5-20
MERGED from [com.google.firebase:firebase-common:9.0.2] AndroidManifest.xml:5:5-12:19
MERGED from [com.google.android.gms:play-services-basement:9.0.2] AndroidManifest.xml:20:5-24:19
MERGED from [com.android.support:support-v4:24.0.0] AndroidManifest.xml:25:5-20
MERGED from [com.google.android.gms:play-services-tasks:9.0.2] AndroidManifest.xml:5:5-20
MERGED from [com.google.android.gms:play-services-basement:9.0.2] AndroidManifest.xml:20:5-24:19
MERGED from [com.android.support:support-v4:24.0.0] AndroidManifest.xml:25:5-20
MERGED from [com.google.android.gms:play-services-tasks:9.0.2] AndroidManifest.xml:5:5-20
MERGED from [com.google.android.gms:play-services-basement:9.0.2] AndroidManifest.xml:20:5-24:19
MERGED from [com.android.support:support-v4:24.0.0] AndroidManifest.xml:25:5-20
MERGED from [com.android.support:design:24.0.0] AndroidManifest.xml:22:5-20
MERGED from [com.android.support:support-v4:24.0.0] AndroidManifest.xml:25:5-20
MERGED from [com.android.support:support-v4:24.0.0] AndroidManifest.xml:25:5-20
MERGED from [com.android.support:appcompat-v7:24.0.0] AndroidManifest.xml:25:5-20
MERGED from [com.android.support:support-v4:24.0.0] AndroidManifest.xml:25:5-20
MERGED from [com.android.support:support-vector-drawable:24.0.0] AndroidManifest.xml:23:5-20
MERGED from [com.android.support:support-v4:24.0.0] AndroidManifest.xml:25:5-20
MERGED from [com.android.support:animated-vector-drawable:24.0.0] AndroidManifest.xml:22:5-20
MERGED from [com.android.support:support-vector-drawable:24.0.0] AndroidManifest.xml:23:5-20
MERGED from [com.android.support:support-v4:24.0.0] AndroidManifest.xml:25:5-20
	android:label
		ADDED from src/main/AndroidManifest.xml:16:9-41
	android:supportsRtl
		ADDED from src/main/AndroidManifest.xml:17:9-35
	android:allowBackup
		ADDED from src/main/AndroidManifest.xml:14:9-35
	android:icon
		ADDED from src/main/AndroidManifest.xml:15:9-43
	android:theme
		ADDED from src/main/AndroidManifest.xml:18:9-40
activity#com.nbhirud.group14_inclass09.MainActivity
ADDED from src/main/AndroidManifest.xml:19:9-21:20
	android:name
		ADDED from src/main/AndroidManifest.xml:19:19-47
activity#com.nbhirud.group14_inclass09.Main2Activity
ADDED from src/main/AndroidManifest.xml:22:9-51
	android:name
		ADDED from src/main/AndroidManifest.xml:22:19-48
activity#com.nbhirud.group14_inclass09.SignUpActivity
ADDED from src/main/AndroidManifest.xml:23:9-25:62
	android:label
		ADDED from src/main/AndroidManifest.xml:25:13-59
	android:name
		ADDED from src/main/AndroidManifest.xml:24:13-43
activity#com.nbhirud.group14_inclass09.LoginActivity
ADDED from src/main/AndroidManifest.xml:26:9-34:20
	android:label
		ADDED from src/main/AndroidManifest.xml:28:13-57
	android:name
		ADDED from src/main/AndroidManifest.xml:27:13-42
intent-filter#android.intent.action.MAIN+android.intent.category.LAUNCHER
ADDED from src/main/AndroidManifest.xml:29:13-33:29
action#android.intent.action.MAIN
ADDED from src/main/AndroidManifest.xml:30:17-69
	android:name
		ADDED from src/main/AndroidManifest.xml:30:25-66
category#android.intent.category.LAUNCHER
ADDED from src/main/AndroidManifest.xml:32:17-77
	android:name
		ADDED from src/main/AndroidManifest.xml:32:27-74
uses-sdk
INJECTED from src/main/AndroidManifest.xml reason: use-sdk injection requested
MERGED from [com.android.support:appcompat-v7:24.0.0] AndroidManifest.xml:21:5-23:78
MERGED from [com.android.support:support-v4:24.0.0] AndroidManifest.xml:21:5-23:54
MERGED from [com.android.support:support-vector-drawable:24.0.0] AndroidManifest.xml:21:5-43
MERGED from [com.android.support:support-v4:24.0.0] AndroidManifest.xml:21:5-23:54
MERGED from [com.android.support:animated-vector-drawable:24.0.0] AndroidManifest.xml:20:5-44
MERGED from [com.android.support:support-vector-drawable:24.0.0] AndroidManifest.xml:21:5-43
MERGED from [com.android.support:support-v4:24.0.0] AndroidManifest.xml:21:5-23:54
MERGED from [com.google.firebase:firebase-core:9.0.2] AndroidManifest.xml:4:5-42
MERGED from [com.google.firebase:firebase-analytics:9.0.2] AndroidManifest.xml:18:5-42
MERGED from [com.google.android.gms:play-services-basement:9.0.2] AndroidManifest.xml:18:5-42
MERGED from [com.android.support:support-v4:24.0.0] AndroidManifest.xml:21:5-23:54
MERGED from [com.google.firebase:firebase-common:9.0.2] AndroidManifest.xml:4:5-43
MERGED from [com.google.android.gms:play-services-basement:9.0.2] AndroidManifest.xml:18:5-42
MERGED from [com.android.support:support-v4:24.0.0] AndroidManifest.xml:21:5-23:54
MERGED from [com.google.android.gms:play-services-tasks:9.0.2] AndroidManifest.xml:4:5-43
MERGED from [com.google.android.gms:play-services-basement:9.0.2] AndroidManifest.xml:18:5-42
MERGED from [com.android.support:support-v4:24.0.0] AndroidManifest.xml:21:5-23:54
MERGED from [com.google.firebase:firebase-analytics-impl:9.0.2] AndroidManifest.xml:18:5-42
MERGED from [com.google.android.gms:play-services-base:9.0.2] AndroidManifest.xml:18:5-42
MERGED from [com.google.android.gms:play-services-basement:9.0.2] AndroidManifest.xml:18:5-42
MERGED from [com.android.support:support-v4:24.0.0] AndroidManifest.xml:21:5-23:54
MERGED from [com.google.firebase:firebase-common:9.0.2] AndroidManifest.xml:4:5-43
MERGED from [com.google.android.gms:play-services-basement:9.0.2] AndroidManifest.xml:18:5-42
MERGED from [com.android.support:support-v4:24.0.0] AndroidManifest.xml:21:5-23:54
MERGED from [com.google.android.gms:play-services-tasks:9.0.2] AndroidManifest.xml:4:5-43
MERGED from [com.google.android.gms:play-services-basement:9.0.2] AndroidManifest.xml:18:5-42
MERGED from [com.android.support:support-v4:24.0.0] AndroidManifest.xml:21:5-23:54
MERGED from [com.google.android.gms:play-services-tasks:9.0.2] AndroidManifest.xml:4:5-43
MERGED from [com.google.android.gms:play-services-basement:9.0.2] AndroidManifest.xml:18:5-42
MERGED from [com.android.support:support-v4:24.0.0] AndroidManifest.xml:21:5-23:54
MERGED from [com.google.android.gms:play-services-basement:9.0.2] AndroidManifest.xml:18:5-42
MERGED from [com.android.support:support-v4:24.0.0] AndroidManifest.xml:21:5-23:54
MERGED from [com.google.firebase:firebase-iid:9.0.2] AndroidManifest.xml:18:5-42
MERGED from [com.google.android.gms:play-services-basement:9.0.2] AndroidManifest.xml:18:5-42
MERGED from [com.android.support:support-v4:24.0.0] AndroidManifest.xml:21:5-23:54
MERGED from [com.google.firebase:firebase-common:9.0.2] AndroidManifest.xml:4:5-43
MERGED from [com.google.android.gms:play-services-basement:9.0.2] AndroidManifest.xml:18:5-42
MERGED from [com.android.support:support-v4:24.0.0] AndroidManifest.xml:21:5-23:54
MERGED from [com.google.android.gms:play-services-tasks:9.0.2] AndroidManifest.xml:4:5-43
MERGED from [com.google.android.gms:play-services-basement:9.0.2] AndroidManifest.xml:18:5-42
MERGED from [com.android.support:support-v4:24.0.0] AndroidManifest.xml:21:5-23:54
MERGED from [com.google.firebase:firebase-common:9.0.2] AndroidManifest.xml:4:5-43
MERGED from [com.google.android.gms:play-services-basement:9.0.2] AndroidManifest.xml:18:5-42
MERGED from [com.android.support:support-v4:24.0.0] AndroidManifest.xml:21:5-23:54
MERGED from [com.google.android.gms:play-services-tasks:9.0.2] AndroidManifest.xml:4:5-43
MERGED from [com.google.android.gms:play-services-basement:9.0.2] AndroidManifest.xml:18:5-42
MERGED from [com.android.support:support-v4:24.0.0] AndroidManifest.xml:21:5-23:54
MERGED from [com.google.firebase:firebase-database:9.0.2] AndroidManifest.xml:5:5-43
MERGED from [com.google.android.gms:play-services-base:9.0.2] AndroidManifest.xml:18:5-42
MERGED from [com.google.android.gms:play-services-basement:9.0.2] AndroidManifest.xml:18:5-42
MERGED from [com.android.support:support-v4:24.0.0] AndroidManifest.xml:21:5-23:54
MERGED from [com.google.firebase:firebase-common:9.0.2] AndroidManifest.xml:4:5-43
MERGED from [com.google.android.gms:play-services-basement:9.0.2] AndroidManifest.xml:18:5-42
MERGED from [com.android.support:support-v4:24.0.0] AndroidManifest.xml:21:5-23:54
MERGED from [com.google.android.gms:play-services-tasks:9.0.2] AndroidManifest.xml:4:5-43
MERGED from [com.google.android.gms:play-services-basement:9.0.2] AndroidManifest.xml:18:5-42
MERGED from [com.android.support:support-v4:24.0.0] AndroidManifest.xml:21:5-23:54
MERGED from [com.google.android.gms:play-services-tasks:9.0.2] AndroidManifest.xml:4:5-43
MERGED from [com.google.android.gms:play-services-basement:9.0.2] AndroidManifest.xml:18:5-42
MERGED from [com.android.support:support-v4:24.0.0] AndroidManifest.xml:21:5-23:54
MERGED from [com.google.android.gms:play-services-basement:9.0.2] AndroidManifest.xml:18:5-42
MERGED from [com.android.support:support-v4:24.0.0] AndroidManifest.xml:21:5-23:54
MERGED from [com.google.firebase:firebase-database-connection:9.0.2] AndroidManifest.xml:5:5-43
MERGED from [com.google.android.gms:play-services-base:9.0.2] AndroidManifest.xml:18:5-42
MERGED from [com.google.android.gms:play-services-basement:9.0.2] AndroidManifest.xml:18:5-42
MERGED from [com.android.support:support-v4:24.0.0] AndroidManifest.xml:21:5-23:54
MERGED from [com.google.firebase:firebase-common:9.0.2] AndroidManifest.xml:4:5-43
MERGED from [com.google.android.gms:play-services-basement:9.0.2] AndroidManifest.xml:18:5-42
MERGED from [com.android.support:support-v4:24.0.0] AndroidManifest.xml:21:5-23:54
MERGED from [com.google.android.gms:play-services-tasks:9.0.2] AndroidManifest.xml:4:5-43
MERGED from [com.google.android.gms:play-services-basement:9.0.2] AndroidManifest.xml:18:5-42
MERGED from [com.android.support:support-v4:24.0.0] AndroidManifest.xml:21:5-23:54
MERGED from [com.google.android.gms:play-services-tasks:9.0.2] AndroidManifest.xml:4:5-43
MERGED from [com.google.android.gms:play-services-basement:9.0.2] AndroidManifest.xml:18:5-42
MERGED from [com.android.support:support-v4:24.0.0] AndroidManifest.xml:21:5-23:54
MERGED from [com.google.android.gms:play-services-basement:9.0.2] AndroidManifest.xml:18:5-42
MERGED from [com.android.support:support-v4:24.0.0] AndroidManifest.xml:21:5-23:54
MERGED from [com.google.firebase:firebase-common:9.0.2] AndroidManifest.xml:4:5-43
MERGED from [com.google.android.gms:play-services-basement:9.0.2] AndroidManifest.xml:18:5-42
MERGED from [com.android.support:support-v4:24.0.0] AndroidManifest.xml:21:5-23:54
MERGED from [com.google.android.gms:play-services-tasks:9.0.2] AndroidManifest.xml:4:5-43
MERGED from [com.google.android.gms:play-services-basement:9.0.2] AndroidManifest.xml:18:5-42
MERGED from [com.android.support:support-v4:24.0.0] AndroidManifest.xml:21:5-23:54
MERGED from [com.google.firebase:firebase-common:9.0.2] AndroidManifest.xml:4:5-43
MERGED from [com.google.android.gms:play-services-basement:9.0.2] AndroidManifest.xml:18:5-42
MERGED from [com.android.support:support-v4:24.0.0] AndroidManifest.xml:21:5-23:54
MERGED from [com.google.android.gms:play-services-tasks:9.0.2] AndroidManifest.xml:4:5-43
MERGED from [com.google.android.gms:play-services-basement:9.0.2] AndroidManifest.xml:18:5-42
MERGED from [com.android.support:support-v4:24.0.0] AndroidManifest.xml:21:5-23:54
MERGED from [com.google.android.gms:play-services-tasks:9.0.2] AndroidManifest.xml:4:5-43
MERGED from [com.google.android.gms:play-services-basement:9.0.2] AndroidManifest.xml:18:5-42
MERGED from [com.android.support:support-v4:24.0.0] AndroidManifest.xml:21:5-23:54
MERGED from [com.android.support:support-v4:24.0.0] AndroidManifest.xml:21:5-23:54
MERGED from [com.android.support:recyclerview-v7:24.0.0] AndroidManifest.xml:20:5-43
MERGED from [com.android.support:support-v4:24.0.0] AndroidManifest.xml:21:5-23:54
MERGED from [com.google.firebase:firebase-auth:9.0.2] AndroidManifest.xml:18:5-43
MERGED from [com.google.android.gms:play-services-base:9.0.2] AndroidManifest.xml:18:5-42
MERGED from [com.google.android.gms:play-services-basement:9.0.2] AndroidManifest.xml:18:5-42
MERGED from [com.android.support:support-v4:24.0.0] AndroidManifest.xml:21:5-23:54
MERGED from [com.google.firebase:firebase-common:9.0.2] AndroidManifest.xml:4:5-43
MERGED from [com.google.android.gms:play-services-basement:9.0.2] AndroidManifest.xml:18:5-42
MERGED from [com.android.support:support-v4:24.0.0] AndroidManifest.xml:21:5-23:54
MERGED from [com.google.android.gms:play-services-tasks:9.0.2] AndroidManifest.xml:4:5-43
MERGED from [com.google.android.gms:play-services-basement:9.0.2] AndroidManifest.xml:18:5-42
MERGED from [com.android.support:support-v4:24.0.0] AndroidManifest.xml:21:5-23:54
MERGED from [com.google.android.gms:play-services-tasks:9.0.2] AndroidManifest.xml:4:5-43
MERGED from [com.google.android.gms:play-services-basement:9.0.2] AndroidManifest.xml:18:5-42
MERGED from [com.android.support:support-v4:24.0.0] AndroidManifest.xml:21:5-23:54
MERGED from [com.google.android.gms:play-services-basement:9.0.2] AndroidManifest.xml:18:5-42
MERGED from [com.android.support:support-v4:24.0.0] AndroidManifest.xml:21:5-23:54
MERGED from [com.google.firebase:firebase-auth-common:9.0.2] AndroidManifest.xml:18:5-43
MERGED from [com.google.android.gms:play-services-base:9.0.2] AndroidManifest.xml:18:5-42
MERGED from [com.google.android.gms:play-services-basement:9.0.2] AndroidManifest.xml:18:5-42
MERGED from [com.android.support:support-v4:24.0.0] AndroidManifest.xml:21:5-23:54
MERGED from [com.google.firebase:firebase-common:9.0.2] AndroidManifest.xml:4:5-43
MERGED from [com.google.android.gms:play-services-basement:9.0.2] AndroidManifest.xml:18:5-42
MERGED from [com.android.support:support-v4:24.0.0] AndroidManifest.xml:21:5-23:54
MERGED from [com.google.android.gms:play-services-tasks:9.0.2] AndroidManifest.xml:4:5-43
MERGED from [com.google.android.gms:play-services-basement:9.0.2] AndroidManifest.xml:18:5-42
MERGED from [com.android.support:support-v4:24.0.0] AndroidManifest.xml:21:5-23:54
MERGED from [com.google.android.gms:play-services-tasks:9.0.2] AndroidManifest.xml:4:5-43
MERGED from [com.google.android.gms:play-services-basement:9.0.2] AndroidManifest.xml:18:5-42
MERGED from [com.android.support:support-v4:24.0.0] AndroidManifest.xml:21:5-23:54
MERGED from [com.google.android.gms:play-services-basement:9.0.2] AndroidManifest.xml:18:5-42